<?xml version="1.0" encoding="UTF-8"?>
<!-- Generated by org.testng.reporters.JUnitReportReporter -->
<testsuite hostname="DESKTOP-79Q8GK8" failures="0" tests="4" name="com.qacart.todo.testcases.User_Test" time="15.719" errors="0" timestamp="2022-12-26T18:29:25 EET" skipped="0">
  <testcase classname="com.qacart.todo.testcases.User_Test" name="should_no_be_able_to_register_with_same_email" time="4.026"/>
  <system-out/>
  <testcase classname="com.qacart.todo.testcases.User_Test" name="should_be_able_to_register" time="3.199"/>
  <system-out/>
  <testcase classname="com.qacart.todo.testcases.User_Test" name="UserShouldbeAbleToLogin" time="4.249"/>
  <system-out/>
  <testcase classname="com.qacart.todo.testcases.User_Test" name="UserShouldNotbeAbleToLogin" time="4.245"/>
  <system-out/>
</testsuite> <!-- com.qacart.todo.testcases.User_Test -->
